<?xml version="1.0" encoding="UTF-8"?>
<!-- Generated by org.testng.reporters.JUnitXMLReporter -->
<testsuite ignored="2" hostname="DESKTOP-4M14A0P" failures="0" tests="1" name="Default test(failed)" time="1.043" errors="0" timestamp="2022-11-21T18:13:16 IST">
  <testcase classname="config.TestScript" name="Roles" time="0.908"/>
  <testcase classname="config.TestScript" name="Users" time="0.0">
    <ignored/>
  </testcase> <!-- Users -->
  <testcase classname="config.TestScript" name="Branches" time="0.0">
    <ignored/>
  </testcase> <!-- Branches -->
</testsuite> <!-- Default test(failed) -->
