<?xml version="1.0" encoding="UTF-8"?>
<!-- Generated by org.testng.reporters.JUnitXMLReporter -->
<testsuite ignored="0" hostname="DESKTOP-4M14A0P" failures="0" tests="3" name="Default test" time="21.506" errors="0" timestamp="2022-11-25T18:27:50 IST">
  <testcase classname="nov25.VerifyAsserts" name="verifyTitle1" time="0.072"/>
  <testcase classname="nov25.VerifyAsserts" name="verifyTitle2" time="0.11"/>
  <testcase classname="nov25.VerifyAsserts" name="verifyTitle3" time="0.053"/>
</testsuite> <!-- Default test -->
