<?xml version="1.0" encoding="UTF-8"?>
<!-- Generated by org.testng.reporters.JUnitXMLReporter -->
<testsuite ignored="1" hostname="DESKTOP-4M14A0P" failures="0" tests="4" name="Report2" time="28.606" errors="0" timestamp="2022-11-22T17:21:13 IST">
  <testcase classname="config.TestScript1" name="division" time="0.422"/>
  <testcase classname="config.TestScript1" name="division" time="0.496"/>
  <testcase classname="config.TestScript1" name="division" time="0.494"/>
  <testcase classname="config.TestScript1" name="multiplication" time="0.466"/>
  <testcase classname="config.TestScript1" name="adddition" time="0.0">
    <ignored/>
  </testcase> <!-- adddition -->
</testsuite> <!-- Report2 -->
