<?xml version="1.0" encoding="UTF-8"?>
<!-- Generated by org.testng.reporters.JUnitXMLReporter -->
<testsuite ignored="0" hostname="DESKTOP-4M14A0P" failures="0" tests="5" name="Report3" time="22.899" errors="0" timestamp="2022-11-22T17:21:36 IST">
  <testcase classname="config.Login" name="ValidateLogin" time="4.871"/>
  <testcase classname="config.Login" name="ValidateLogin" time="4.887"/>
  <testcase classname="config.Login" name="ValidateLogin" time="4.576"/>
  <testcase classname="config.Login" name="ValidateLogin" time="4.445"/>
  <testcase classname="config.Login" name="ValidateLogin" time="4.097"/>
</testsuite> <!-- Report3 -->
