<?xml version="1.0" encoding="UTF-8"?>
<testng-results ignored="0" total="3" passed="3" failed="0" skipped="0">
  <reporter-output>
  </reporter-output>
  <suite started-at="2022-11-25T18:27:28 IST" name="Default suite" finished-at="2022-11-25T18:27:50 IST" duration-ms="21506">
    <groups>
    </groups>
    <test started-at="2022-11-25T18:27:28 IST" name="Default test" finished-at="2022-11-25T18:27:50 IST" duration-ms="21506">
      <class name="nov25.VerifyAsserts">
        <test-method is-config="true" signature="setUp()[pri:0, instance:nov25.VerifyAsserts@1e6a3214]" started-at="2022-11-25T18:27:28 IST" name="setUp" finished-at="2022-11-25T18:27:39 IST" duration-ms="11293" status="PASS">
          <reporter-output>
          </reporter-output>
        </test-method> <!-- setUp -->
        <test-method signature="verifyTitle1()[pri:0, instance:nov25.VerifyAsserts@1e6a3214]" started-at="2022-11-25T18:27:39 IST" name="verifyTitle1" finished-at="2022-11-25T18:27:40 IST" duration-ms="72" status="PASS">
          <reporter-output>
          </reporter-output>
        </test-method> <!-- verifyTitle1 -->
        <test-method is-config="true" signature="tearDown()[pri:0, instance:nov25.VerifyAsserts@1e6a3214]" started-at="2022-11-25T18:27:40 IST" name="tearDown" finished-at="2022-11-25T18:27:40 IST" duration-ms="636" status="PASS">
          <reporter-output>
          </reporter-output>
        </test-method> <!-- tearDown -->
        <test-method is-config="true" signature="setUp()[pri:0, instance:nov25.VerifyAsserts@1e6a3214]" started-at="2022-11-25T18:27:40 IST" name="setUp" finished-at="2022-11-25T18:27:44 IST" duration-ms="3947" status="PASS">
          <reporter-output>
          </reporter-output>
        </test-method> <!-- setUp -->
        <test-method signature="verifyTitle2()[pri:0, instance:nov25.VerifyAsserts@1e6a3214]" started-at="2022-11-25T18:27:44 IST" name="verifyTitle2" finished-at="2022-11-25T18:27:44 IST" duration-ms="110" status="PASS">
          <reporter-output>
          </reporter-output>
        </test-method> <!-- verifyTitle2 -->
        <test-method is-config="true" signature="tearDown()[pri:0, instance:nov25.VerifyAsserts@1e6a3214]" started-at="2022-11-25T18:27:44 IST" name="tearDown" finished-at="2022-11-25T18:27:45 IST" duration-ms="616" status="PASS">
          <reporter-output>
          </reporter-output>
        </test-method> <!-- tearDown -->
        <test-method is-config="true" signature="setUp()[pri:0, instance:nov25.VerifyAsserts@1e6a3214]" started-at="2022-11-25T18:27:45 IST" name="setUp" finished-at="2022-11-25T18:27:49 IST" duration-ms="4019" status="PASS">
          <reporter-output>
          </reporter-output>
        </test-method> <!-- setUp -->
        <test-method signature="verifyTitle3()[pri:0, instance:nov25.VerifyAsserts@1e6a3214]" started-at="2022-11-25T18:27:49 IST" name="verifyTitle3" finished-at="2022-11-25T18:27:49 IST" duration-ms="53" status="PASS">
          <reporter-output>
          </reporter-output>
        </test-method> <!-- verifyTitle3 -->
        <test-method is-config="true" signature="tearDown()[pri:0, instance:nov25.VerifyAsserts@1e6a3214]" started-at="2022-11-25T18:27:49 IST" name="tearDown" finished-at="2022-11-25T18:27:50 IST" duration-ms="702" status="PASS">
          <reporter-output>
          </reporter-output>
        </test-method> <!-- tearDown -->
      </class> <!-- nov25.VerifyAsserts -->
    </test> <!-- Default test -->
  </suite> <!-- Default suite -->
</testng-results>
