<?xml version="1.0" encoding="UTF-8"?>
<!-- Generated by org.testng.reporters.JUnitXMLReporter -->
<testsuite ignored="1" hostname="DESKTOP-4M14A0P" failures="0" tests="7" name="Report" time="32.007" errors="0" timestamp="2022-11-21T18:49:42 IST">
  <testcase classname="config.TestScript" name="Roles" time="0.621"/>
  <testcase classname="config.TestScript" name="Branches" time="0.851"/>
  <testcase classname="config.TestScript" name="Users" time="0.749"/>
  <testcase classname="config.TestScript1" name="division" time="0.51"/>
  <testcase classname="config.TestScript1" name="division" time="0.588"/>
  <testcase classname="config.TestScript1" name="division" time="0.537"/>
  <testcase classname="config.TestScript1" name="multiplication" time="0.411"/>
  <testcase classname="config.TestScript1" name="adddition" time="0.0">
    <ignored/>
  </testcase> <!-- adddition -->
</testsuite> <!-- Report -->
