<?xml version="1.0" encoding="UTF-8"?>
<!-- Generated by org.testng.reporters.JUnitReportReporter -->
<testsuite hostname="DESKTOP-4M14A0P" failures="0" tests="3" name="config.TestScript" time="2.564" errors="0" timestamp="2022-11-22T17:21:37 IST" skipped="0">
  <testcase classname="config.TestScript" name="Roles" time="0.696"/>
  <system-out>
    <![CDATA[Executing Roles Test]]>
  </system-out>
  <testcase classname="config.TestScript" name="Branches" time="0.978"/>
  <system-out>
    <![CDATA[Executing Branches Test]]>
  </system-out>
  <testcase classname="config.TestScript" name="Users" time="0.890"/>
  <system-out>
    <![CDATA[Executing Users Test]]>
  </system-out>
</testsuite> <!-- config.TestScript -->
