<?xml version="1.0" encoding="UTF-8"?>
<!-- Generated by org.testng.reporters.JUnitReportReporter -->
<testsuite hostname="DESKTOP-4M14A0P" failures="0" tests="5" name="config.Login" time="22.876" errors="0" timestamp="2022-11-22T17:21:37 IST" skipped="0">
  <testcase classname="config.Login" name="ValidateLogin" time="4.097"/>
  <system-out/>
  <testcase classname="config.Login" name="ValidateLogin" time="4.445"/>
  <system-out/>
  <testcase classname="config.Login" name="ValidateLogin" time="4.871"/>
  <system-out/>
  <testcase classname="config.Login" name="ValidateLogin" time="4.887"/>
  <system-out/>
  <testcase classname="config.Login" name="ValidateLogin" time="4.576"/>
  <system-out/>
</testsuite> <!-- config.Login -->
