<?xml version="1.0" encoding="UTF-8"?>
<!-- Generated by org.testng.reporters.JUnitReportReporter -->
<testsuite hostname="DESKTOP-4M14A0P" failures="0" tests="3" name="nov25.VerifyAsserts" time="21.448" errors="0" timestamp="2022-11-25T18:27:50 IST" skipped="0">
  <testcase classname="nov25.VerifyAsserts" name="verifyTitle2" time="4.831"/>
  <system-out/>
  <testcase classname="nov25.VerifyAsserts" name="verifyTitle1" time="4.635"/>
  <system-out/>
  <testcase classname="nov25.VerifyAsserts" name="verifyTitle3" time="11.982"/>
  <system-out/>
</testsuite> <!-- nov25.VerifyAsserts -->
