<?xml version="1.0" encoding="UTF-8"?>
<!-- Generated by org.testng.reporters.JUnitReportReporter -->
<testsuite hostname="DESKTOP-4M14A0P" failures="0" tests="5" name="config.TestScript1" time="28.574" errors="0" timestamp="2022-11-22T17:21:37 IST" skipped="1">
  <testcase classname="config.TestScript1" name="division" time="8.025"/>
  <system-out>
    <![CDATA[Executing division test]]>
  </system-out>
  <testcase classname="config.TestScript1" name="division" time="6.474"/>
  <system-out>
    <![CDATA[Executing division test]]>
  </system-out>
  <testcase classname="config.TestScript1" name="division" time="7.528"/>
  <system-out>
    <![CDATA[Executing division test]]>
  </system-out>
  <testcase classname="config.TestScript1" name="multiplication" time="6.547"/>
  <system-out>
    <![CDATA[Executing multiplication test]]>
  </system-out>
  <testcase classname="config.TestScript1" name="adddition">
    <skipped/>
  </testcase> <!-- adddition -->
  <system-out/>
</testsuite> <!-- config.TestScript1 -->
